2026-04-08 06:16:35 | INFO | kuairand_rec.train_rank | Training DIN-style multi-task ranker.
2026-04-08 06:18:56 | INFO | kuairand_rec.train_rank | Prepared rank datasets: train=(28455, 84) val=(3249, 84) features_numeric=64 other_cats=10
2026-04-08 06:19:04 | INFO | kuairand_rec.train_rank | Training DIN ranker on device=cuda train_rows=28455 val_rows=3249 numeric=64 other_cats=10
2026-04-08 06:19:07 | INFO | kuairand_rec.train_rank | DIN rank epoch 1/1 train_loss=386.725621 val_metrics={'loss': 8.604348182678223, 'long_watch_auc': 0.5730836329288392, 'long_watch_logloss': 1.498304791733262, 'finish_auc': 0.59499261037917, 'finish_logloss': 0.7909166106266513, 'like_auc': 0.5, 'like_logloss': 0.05528006040589013, 'rank_auc': 0.5611624373661956}
2026-04-08 06:19:07 | INFO | kuairand_rec.train_rank | Saved rank checkpoint: /scratch/ym3447/Rec/artifacts/rank_smoke/best_model.pt
2026-04-08 06:19:07 | INFO | kuairand_rec.train_rank | Saved rank train metrics: /scratch/ym3447/Rec/artifacts/metrics/rank_metrics_smoke.json
2026-04-08 06:19:07 | INFO | kuairand_rec.train_rank | Rank training metrics summary: {'train_rows': 28455, 'val_rows': 3249, 'train_positive_any': 6065, 'val_positive_any': 361, 'best': {'epoch': 1, 'train_loss': 386.7256213596889, 'loss': 8.604348182678223, 'long_watch_auc': 0.5730836329288392, 'long_watch_logloss': 1.498304791733262, 'finish_auc': 0.59499261037917, 'finish_logloss': 0.7909166106266513, 'like_auc': 0.5, 'like_logloss': 0.05528006040589013, 'rank_auc': 0.5611624373661956}}
2026-04-08 06:19:07 | INFO | kuairand_rec.train_rank | Generating ranked candidates for splits=['val', 'test']
2026-04-08 06:20:38 | INFO | kuairand_rec.train_rank | Ranked val chunk 1 rows=50000 device=cuda
2026-04-08 06:20:39 | INFO | kuairand_rec.train_rank | Saved val ranked candidates: /scratch/ym3447/Rec/artifacts/rank_smoke/val_ranked.parquet rows=50000
2026-04-08 06:20:47 | INFO | kuairand_rec.train_rank | Ranked test chunk 1 rows=50000 device=cuda
2026-04-08 06:20:47 | INFO | kuairand_rec.train_rank | Saved test ranked candidates: /scratch/ym3447/Rec/artifacts/rank_smoke/test_ranked.parquet rows=50000
2026-04-08 06:20:47 | INFO | kuairand_rec.train_rank | Saved rank inference metrics: /scratch/ym3447/Rec/artifacts/metrics/rank_metrics_smoke.json
2026-04-08 06:20:47 | INFO | kuairand_rec.train_rank | Rank inference metrics summary: {'val': {'num_candidates': 50000, 'num_users': 500, 'positive_any': 223, 'long_watch_auc': 0.5748129933043977, 'long_watch_logloss': 0.062057416221979064, 'finish_auc': 0.5886814007961028, 'finish_logloss': 0.02928989351955881, 'like_auc': 0.5, 'like_logloss': 0.001935184616083887, 'rank_auc': 0.5492569956174943, 'ndcg@10': 0.03293472193204539, 'ndcg@20': 0.042092425934219635, 'mrr@10': 0.02503174603174603}, 'test': {'num_candidates': 50000, 'num_users': 500, 'positive_any': 316, 'long_watch_auc': 0.5854589178128473, 'long_watch_logloss': 0.0850251832647521, 'finish_auc': 0.5794067973418794, 'finish_logloss': 0.046697435549042855, 'like_auc': 0.5, 'like_logloss': 0.003040425379860651, 'rank_auc': 0.5703226671041999, 'ndcg@10': 0.04526574307071003, 'ndcg@20': 0.05659668937157831, 'mrr@10': 0.043587301587301584}}
2026-04-08 06:21:13 | INFO | kuairand_rec.train_rank | Training DIN-style multi-task ranker.
2026-04-08 06:23:36 | INFO | kuairand_rec.train_rank | Prepared rank datasets: train=(28455, 84) val=(3249, 84) features_numeric=64 other_cats=10
2026-04-08 06:23:39 | INFO | kuairand_rec.train_rank | Training DIN ranker on device=cuda train_rows=28455 val_rows=3249 numeric=64 other_cats=10
2026-04-08 06:23:41 | INFO | kuairand_rec.train_rank | DIN rank epoch 1/1 train_loss=1.296229 val_metrics={'loss': 0.6819075345993042, 'long_watch_auc': 0.556094881013195, 'long_watch_logloss': 0.47077086298799004, 'finish_auc': 0.6098420622132353, 'finish_logloss': 0.2237576396828601, 'like_auc': 0.5869544546924028, 'like_logloss': 0.026722563846025178, 'rank_auc': 0.5523917864350335}
2026-04-08 06:23:41 | INFO | kuairand_rec.train_rank | Saved rank checkpoint: /scratch/ym3447/Rec/artifacts/rank_smoke/best_model.pt
2026-04-08 06:23:41 | INFO | kuairand_rec.train_rank | Saved rank train metrics: /scratch/ym3447/Rec/artifacts/metrics/rank_metrics_smoke.json
2026-04-08 06:23:41 | INFO | kuairand_rec.train_rank | Rank training metrics summary: {'train_rows': 28455, 'val_rows': 3249, 'train_positive_any': 6065, 'val_positive_any': 361, 'best': {'epoch': 1, 'train_loss': 1.2962288984230586, 'loss': 0.6819075345993042, 'long_watch_auc': 0.556094881013195, 'long_watch_logloss': 0.47077086298799004, 'finish_auc': 0.6098420622132353, 'finish_logloss': 0.2237576396828601, 'like_auc': 0.5869544546924028, 'like_logloss': 0.026722563846025178, 'rank_auc': 0.5523917864350335}}
2026-04-08 06:23:41 | INFO | kuairand_rec.train_rank | Generating ranked candidates for splits=['val', 'test']
2026-04-08 06:25:13 | INFO | kuairand_rec.train_rank | Ranked val chunk 1 rows=50000 device=cuda
2026-04-08 06:25:13 | INFO | kuairand_rec.train_rank | Saved val ranked candidates: /scratch/ym3447/Rec/artifacts/rank_smoke/val_ranked.parquet rows=50000
2026-04-08 06:25:21 | INFO | kuairand_rec.train_rank | Ranked test chunk 1 rows=50000 device=cuda
2026-04-08 06:25:21 | INFO | kuairand_rec.train_rank | Saved test ranked candidates: /scratch/ym3447/Rec/artifacts/rank_smoke/test_ranked.parquet rows=50000
2026-04-08 06:25:21 | INFO | kuairand_rec.train_rank | Saved rank inference metrics: /scratch/ym3447/Rec/artifacts/metrics/rank_metrics_smoke.json
2026-04-08 06:25:22 | INFO | kuairand_rec.train_rank | Rank inference metrics summary: {'val': {'num_candidates': 50000, 'num_users': 500, 'positive_any': 223, 'long_watch_auc': 0.5710741206228208, 'long_watch_logloss': 0.38926430798958334, 'finish_auc': 0.619287323087209, 'finish_logloss': 0.09802426435109145, 'like_auc': 0.5978808461756073, 'like_logloss': 0.004267710881067771, 'rank_auc': 0.5687429162765486, 'ndcg@10': 0.023398844716968684, 'ndcg@20': 0.02960608192349196, 'mrr@10': 0.01948809523809524}, 'test': {'num_candidates': 50000, 'num_users': 500, 'positive_any': 316, 'long_watch_auc': 0.5801768026061006, 'long_watch_logloss': 0.4055154072736536, 'finish_auc': 0.6614899781379406, 'finish_logloss': 0.11817800752359171, 'like_auc': 0.7491048030566724, 'like_logloss': 0.00640805831469866, 'rank_auc': 0.5757879354482354, 'ndcg@10': 0.036060369591086855, 'ndcg@20': 0.04737622684494368, 'mrr@10': 0.0341515873015873}}
2026-04-08 06:25:49 | INFO | kuairand_rec.train_rank | Training DIN-style multi-task ranker.
2026-04-08 06:27:57 | INFO | kuairand_rec.train_rank | Prepared rank datasets: train=(14370, 84) val=(1611, 84) features_numeric=64 other_cats=10
2026-04-08 06:28:00 | INFO | kuairand_rec.train_rank | Training DIN ranker on device=cuda train_rows=14370 val_rows=1611 numeric=64 other_cats=10
2026-04-08 06:28:01 | INFO | kuairand_rec.train_rank | DIN rank epoch 1/1 train_loss=1.549155 val_metrics={'loss': 0.5773833990097046, 'long_watch_auc': 0.49723791392278643, 'long_watch_logloss': 0.35534761150281313, 'finish_auc': 0.5751048417842166, 'finish_logloss': 0.2110796260603639, 'like_auc': 0.5592868988391376, 'like_logloss': 0.04431009800192253, 'rank_auc': 0.49414812271776787}
2026-04-08 06:28:01 | INFO | kuairand_rec.train_rank | Saved rank checkpoint: /scratch/ym3447/Rec/artifacts/rank_smoke/best_model.pt
2026-04-08 06:28:01 | INFO | kuairand_rec.train_rank | Saved rank train metrics: /scratch/ym3447/Rec/artifacts/metrics/rank_metrics_smoke.json
2026-04-08 06:28:01 | INFO | kuairand_rec.train_rank | Rank training metrics summary: {'train_rows': 14370, 'val_rows': 1611, 'train_positive_any': 3059, 'val_positive_any': 179, 'best': {'epoch': 1, 'train_loss': 1.549154832959175, 'loss': 0.5773833990097046, 'long_watch_auc': 0.49723791392278643, 'long_watch_logloss': 0.35534761150281313, 'finish_auc': 0.5751048417842166, 'finish_logloss': 0.2110796260603639, 'like_auc': 0.5592868988391376, 'like_logloss': 0.04431009800192253, 'rank_auc': 0.49414812271776787}}
2026-04-08 06:28:01 | INFO | kuairand_rec.train_rank | Generating ranked candidates for splits=['val']
2026-04-08 06:29:25 | INFO | kuairand_rec.train_rank | Ranked val chunk 1 rows=20000 device=cuda
2026-04-08 06:29:25 | INFO | kuairand_rec.train_rank | Saved val ranked candidates: /scratch/ym3447/Rec/artifacts/rank_smoke/val_ranked.parquet rows=20000
2026-04-08 06:29:25 | INFO | kuairand_rec.train_rank | Saved rank inference metrics: /scratch/ym3447/Rec/artifacts/metrics/rank_metrics_smoke.json
2026-04-08 06:29:25 | INFO | kuairand_rec.train_rank | Rank inference metrics summary: {'val': {'num_candidates': 20000, 'num_users': 200, 'positive_any': 85, 'long_watch_auc': 0.5120219757498781, 'long_watch_logloss': 0.14811028746514077, 'finish_auc': 0.5747098625352705, 'finish_logloss': 0.0805498160305835, 'like_auc': 0.28356417820891044, 'like_logloss': 0.03759656444219788, 'rank_auc': 0.5068133685811759, 'ndcg@10': 0.010001771745036666, 'ndcg@20': 0.016436230902837006, 'mrr@10': 0.0067222222222222214}}
2026-04-08 06:30:23 | INFO | kuairand_rec.train_rank | Training DIN-style multi-task ranker.
2026-04-08 06:41:30 | INFO | kuairand_rec.train_rank | Prepared rank datasets: train=(908395, 84) val=(93915, 84) features_numeric=64 other_cats=10
2026-04-08 06:41:34 | INFO | kuairand_rec.train_rank | Training DIN ranker on device=cuda train_rows=908395 val_rows=93915 numeric=64 other_cats=10
2026-04-08 06:41:48 | INFO | kuairand_rec.train_rank | DIN rank epoch 1/4 train_loss=0.473017 val_metrics={'loss': 2.3526195883750916, 'long_watch_auc': 0.5302295720872761, 'long_watch_logloss': 1.3807860635144853, 'finish_auc': 0.6184760526866641, 'finish_logloss': 0.7791301055216066, 'like_auc': 0.5723113331102994, 'like_logloss': 0.06473326653674795, 'rank_auc': 0.5310552065642858}
2026-04-08 06:42:02 | INFO | kuairand_rec.train_rank | DIN rank epoch 2/4 train_loss=0.162288 val_metrics={'loss': 2.858958820501963, 'long_watch_auc': 0.5284029893501971, 'long_watch_logloss': 1.501995165268798, 'finish_auc': 0.6023591686887386, 'finish_logloss': 0.809062810753004, 'like_auc': 0.586870271488856, 'like_logloss': 0.06476526192090237, 'rank_auc': 0.5290698522971395}
2026-04-08 06:42:16 | INFO | kuairand_rec.train_rank | DIN rank epoch 3/4 train_loss=0.150210 val_metrics={'loss': 3.0334187150001526, 'long_watch_auc': 0.5258548236889966, 'long_watch_logloss': 1.5223189878174568, 'finish_auc': 0.5904222959684551, 'finish_logloss': 0.8054352495619843, 'like_auc': 0.5891083049461908, 'like_logloss': 0.06370120251580444, 'rank_auc': 0.5261806012027361}
2026-04-08 06:42:16 | INFO | kuairand_rec.train_rank | Early stopping triggered at epoch 3.
2026-04-08 06:42:16 | INFO | kuairand_rec.train_rank | Saved rank checkpoint: /scratch/ym3447/Rec/artifacts/rank/best_model.pt
2026-04-08 06:42:16 | INFO | kuairand_rec.train_rank | Saved rank train metrics: /scratch/ym3447/Rec/artifacts/metrics/rank_metrics.json
2026-04-08 06:42:16 | INFO | kuairand_rec.train_rank | Rank training metrics summary: {'train_rows': 908395, 'val_rows': 93915, 'train_positive_any': 189434, 'val_positive_any': 10435, 'best': {'epoch': 1, 'train_loss': 0.4730174835469272, 'loss': 2.3526195883750916, 'long_watch_auc': 0.5302295720872761, 'long_watch_logloss': 1.3807860635144853, 'finish_auc': 0.6184760526866641, 'finish_logloss': 0.7791301055216066, 'like_auc': 0.5723113331102994, 'like_logloss': 0.06473326653674795, 'rank_auc': 0.5310552065642858}}
2026-04-08 06:42:16 | INFO | kuairand_rec.train_rank | Generating ranked candidates for splits=['val', 'test']
2026-04-08 06:44:42 | INFO | kuairand_rec.train_rank | Ranked val chunk 1 rows=300000 device=cuda
2026-04-08 06:45:23 | INFO | kuairand_rec.train_rank | Ranked val chunk 2 rows=300000 device=cuda
2026-04-08 06:46:04 | INFO | kuairand_rec.train_rank | Ranked val chunk 3 rows=300000 device=cuda
2026-04-08 06:46:45 | INFO | kuairand_rec.train_rank | Ranked val chunk 4 rows=300000 device=cuda
2026-04-08 06:47:27 | INFO | kuairand_rec.train_rank | Ranked val chunk 5 rows=300000 device=cuda
2026-04-08 06:48:07 | INFO | kuairand_rec.train_rank | Ranked val chunk 6 rows=300000 device=cuda
2026-04-08 06:48:49 | INFO | kuairand_rec.train_rank | Ranked val chunk 7 rows=300000 device=cuda
2026-04-08 06:48:51 | INFO | kuairand_rec.train_rank | Ranked val chunk 8 rows=18400 device=cuda
2026-04-08 06:49:08 | INFO | kuairand_rec.train_rank | Saved val ranked candidates: /scratch/ym3447/Rec/artifacts/rank/val_ranked.parquet rows=2118400
2026-04-08 06:49:50 | INFO | kuairand_rec.train_rank | Ranked test chunk 1 rows=300000 device=cuda
2026-04-08 06:50:31 | INFO | kuairand_rec.train_rank | Ranked test chunk 2 rows=300000 device=cuda
2026-04-08 06:51:12 | INFO | kuairand_rec.train_rank | Ranked test chunk 3 rows=300000 device=cuda
2026-04-08 06:51:53 | INFO | kuairand_rec.train_rank | Ranked test chunk 4 rows=300000 device=cuda
2026-04-08 06:52:35 | INFO | kuairand_rec.train_rank | Ranked test chunk 5 rows=300000 device=cuda
2026-04-08 06:53:16 | INFO | kuairand_rec.train_rank | Ranked test chunk 6 rows=300000 device=cuda
2026-04-08 06:53:57 | INFO | kuairand_rec.train_rank | Ranked test chunk 7 rows=300000 device=cuda
2026-04-08 06:54:21 | INFO | kuairand_rec.train_rank | Ranked test chunk 8 rows=170900 device=cuda
2026-04-08 06:54:39 | INFO | kuairand_rec.train_rank | Saved test ranked candidates: /scratch/ym3447/Rec/artifacts/rank/test_ranked.parquet rows=2270900
2026-04-08 06:54:39 | INFO | kuairand_rec.train_rank | Saved rank inference metrics: /scratch/ym3447/Rec/artifacts/metrics/rank_metrics.json
2026-04-08 06:54:39 | INFO | kuairand_rec.train_rank | Rank inference metrics summary: {'val': {'num_candidates': 2118400, 'num_users': 21184, 'positive_any': 10435, 'long_watch_auc': 0.5745860044021092, 'long_watch_logloss': 0.1360386727355377, 'finish_auc': 0.6595517297911745, 'finish_logloss': 0.052006538922658094, 'like_auc': 0.6200917324494221, 'like_logloss': 0.0037214518210876555, 'rank_auc': 0.5753376648384751, 'ndcg@10': 0.018293167242668277, 'ndcg@20': 0.02947262809407394, 'mrr@10': 0.015644275553877138}, 'test': {'num_candidates': 2270900, 'num_users': 22709, 'positive_any': 14101, 'long_watch_auc': 0.5837891809070374, 'long_watch_logloss': 0.14975131884885176, 'finish_auc': 0.6663208454620589, 'finish_logloss': 0.059730659619170554, 'like_auc': 0.6218724662548436, 'like_logloss': 0.004466041272553434, 'rank_auc': 0.5844769407586917, 'ndcg@10': 0.02314216735875194, 'ndcg@20': 0.03592114437735053, 'mrr@10': 0.02050756744930861}}
